普通字符串
/Users/duanqifeng/Documents/scu/heguang/out/artifacts/heguang_war_exploded/upload/zxszl/吴薇莉.txt
{}
连接数据库
SELECT * FROM `zxs_wwl@q` order by date ASC ;
[]
连接数据库
SELECT * FROM `zxs_wwl@q` order by date ASC ;
[]
连接数据库
SELECT * FROM `zxs_wwl@q` order by date ASC ;
[{"id":"2","date":"102","ks":"15","js":"17","cs":"2","jg":"5","fs":"面","bz":"李四"}]
连接数据库
SELECT * FROM `zxs_wwl@q` order by date ASC ;
[]
连接数据库
SELECT * FROM `zxs_wwl@q` order by date ASC ;
[]
连接数据库
SELECT * FROM `zxs_wwl@q` order by date ASC ;
[]
连接数据库
SELECT * FROM `zxs_wwl@q` order by date ASC ;
[]
连接数据库
SELECT * FROM `zxs_wwl@q` order by date ASC ;
[]
连接数据库
SELECT * FROM `zxs_wwl@q` order by date ASC ;
[]
连接数据库
SELECT * FROM `zxs_wwl@q` order by date ASC ;
[{"id":"3","date":"107","ks":"14","js":"17","cs":"3","jg":"5","fs":"面","bz":""}]
连接数据库
SELECT * FROM `zxs_wwl@q` order by date ASC ;
[]
连接数据库
SELECT * FROM `zxs_wwl@q` order by date ASC ;
[]
连接数据库
SELECT * FROM `zxs_wwl@q` order by date ASC ;
[]
连接数据库
SELECT * FROM `zxs_wwl@q` order by date ASC ;
[]
连接数据库
SELECT * FROM `zxs_wwl@q` order by date ASC ;
[]
连接数据库
SELECT * FROM `zxs_wwl@q` order by date ASC ;
[{"id":"2","date":"102","ks":"15","js":"17","cs":"2","jg":"5","fs":"面","bz":"李四"}]
连接数据库
SELECT * FROM `zxs_wwl@q` order by date ASC ;
[{"id":"2","date":"102","ks":"15","js":"17","cs":"2","jg":"5","fs":"面","bz":"李四"}]
连接数据库
SELECT * FROM `zxs_wwl@q` order by date ASC ;
[]
连接数据库
SELECT * FROM `zxs_wwl@q` order by date ASC ;
[{"id":"3","date":"107","ks":"14","js":"17","cs":"3","jg":"5","fs":"面","bz":""}]
连接数据库
SELECT * FROM `zxs_wwl@q` order by date ASC ;
[{"id":"3","date":"107","ks":"14","js":"17","cs":"3","jg":"5","fs":"面","bz":""}]
连接数据库
SELECT * FROM `zxs_wwl@q` order by date ASC ;
[]
连接数据库
SELECT * FROM `zxs_wwl@q` order by date ASC ;
[{"id":"3","date":"107","ks":"14","js":"17","cs":"3","jg":"5","fs":"面","bz":""}]
连接数据库
SELECT * FROM `zxs_wwl@q` order by date ASC ;
[]
连接数据库
SELECT * FROM `zxs_wwl@q` order by date ASC ;
[{"id":"3","date":"107","ks":"14","js":"17","cs":"3","jg":"5","fs":"面","bz":""}]
连接数据库
SELECT * FROM `zxs_wwl@q` order by date ASC ;
[]
连接数据库
SELECT * FROM `zxs_wwl@q` order by date ASC ;
[{"id":"3","date":"107","ks":"14","js":"17","cs":"3","jg":"5","fs":"面","bz":""}]
连接数据库
SELECT * FROM `zxs_745298691@qq.com` order by date ASC ;
[{"id":"6","date":"10","ks":"1","js":"1","cs":"1","jg":"5","fs":"面对面","bz":"无"}]
连接数据库
SELECT * FROM `zxs_745298691@qq.com` order by date ASC ;
[]
连接数据库
SELECT * FROM `zxs_745298691@qq.com` order by date ASC ;
[{"id":"9","date":"107","ks":"6","js":"9","cs":"1","jg":"5","fs":"面对面","bz":"王胖"}]
连接数据库
SELECT * FROM `zxs_745298691@qq.com` order by date ASC ;
[{"id":"6","date":"10","ks":"1","js":"1","cs":"1","jg":"5","fs":"面对面","bz":"无"}]
连接数据库
SELECT * FROM `zxs_745298691@qq.com` order by date ASC ;
[{"id":"6","date":"10","ks":"1","js":"1","cs":"1","jg":"5","fs":"面对面","bz":"无"}]
连接数据库
SELECT * FROM `zxs_wwl@q` order by date ASC ;
[]
连接数据库
SELECT * FROM `zxs_wwl@q` order by date ASC ;
[{"id":"3","date":"107","ks":"14","js":"17","cs":"3","jg":"5","fs":"面","bz":""}]
连接数据库
SELECT * FROM `zxs_wwl@q` order by date ASC ;
[]
连接数据库
SELECT * FROM `zxs_wwl@q` order by date ASC ;
[{"id":"3","date":"107","ks":"14","js":"17","cs":"3","jg":"5","fs":"面","bz":""}]
连接数据库
SELECT * FROM `zxs_wwl@q` order by date ASC ;
[]
连接数据库
SELECT * FROM `zxs_wwl@q` order by date ASC ;
[{"id":"3","date":"107","ks":"14","js":"17","cs":"3","jg":"5","fs":"面","bz":""}]
连接数据库
SELECT * FROM `zxs_wwl@q` order by date ASC ;
[]
连接数据库
SELECT * FROM `zxs_wwl@q` order by date ASC ;
[{"id":"3","date":"107","ks":"14","js":"17","cs":"3","jg":"5","fs":"面","bz":""}]
连接数据库
SELECT * FROM `zxs_745298691@qq.com` order by date ASC ;
[]
连接数据库
SELECT * FROM `zxs_745298691@qq.com` order by date ASC ;
[{"id":"9","date":"107","ks":"6","js":"9","cs":"1","jg":"5","fs":"面对面","bz":"王胖"}]
连接数据库
SELECT * FROM `zxs_745298691@qq.com` order by date ASC ;
[]
连接数据库
SELECT * FROM `zxs_745298691@qq.com` order by date ASC ;
[{"id":"9","date":"107","ks":"6","js":"9","cs":"1","jg":"5","fs":"面对面","bz":"王胖"}]
连接数据库
SELECT * FROM `zxs_745298691@qq.com` order by date ASC ;
[]
连接数据库
SELECT * FROM `zxs_745298691@qq.com` order by date ASC ;
[{"id":"9","date":"107","ks":"6","js":"9","cs":"1","jg":"5","fs":"面对面","bz":"王胖"}]
连接数据库
SELECT * FROM `zxs_745298691@qq.com` order by date ASC ;
[{"id":"7","date":"3","ks":"1","js":"0","cs":"1","jg":"5","fs":"面对面","bz":"无"}]
连接数据库
SELECT * FROM `zxs_745298691@qq.com` order by date ASC ;
[{"id":"7","date":"3","ks":"1","js":"0","cs":"1","jg":"5","fs":"面对面","bz":"无"}]
连接数据库
SELECT * FROM `zxs_745298691@qq.com` order by date ASC ;
[{"id":"7","date":"3","ks":"1","js":"0","cs":"1","jg":"5","fs":"面对面","bz":"无"}]
连接数据库
SELECT * FROM `zxs_745298691@qq.com` order by date ASC ;
[]
连接数据库
SELECT * FROM `zxs_745298691@qq.com` order by date ASC ;
[{"id":"9","date":"107","ks":"6","js":"9","cs":"1","jg":"5","fs":"面对面","bz":"王胖"}]
连接数据库
SELECT * FROM `zxs_745298691@qq.com` order by date ASC ;
[]
连接数据库
SELECT * FROM `zxs_745298691@qq.com` order by date ASC ;
[{"id":"9","date":"107","ks":"6","js":"9","cs":"1","jg":"5","fs":"面对面","bz":"王胖"}]
连接数据库
SELECT * FROM `zxs_745298691@qq.com` order by date ASC ;
[{"id":"6","date":"10","ks":"1","js":"1","cs":"1","jg":"5","fs":"面对面","bz":"无"}]
连接数据库
SELECT * FROM `zxs_745298691@qq.com` order by date ASC ;
[{"id":"7","date":"3","ks":"1","js":"0","cs":"1","jg":"5","fs":"面对面","bz":"无"}]
连接数据库
SELECT * FROM `zxs_745298691@qq.com` order by date ASC ;
[{"id":"8","date":"4","ks":"3","js":"19","cs":"1","jg":"5","fs":"面对面","bz":"无"}]
连接数据库
SELECT * FROM `zxs_745298691@qq.com` order by date ASC ;
[]
连接数据库
SELECT * FROM `zxs_745298691@qq.com` order by date ASC ;
[{"id":"15","date":"101","ks":"1","js":"6","cs":"1","jg":"5","fs":"面","bz":""}]
连接数据库
SELECT * FROM `zxs_745298691@qq.com` order by date ASC ;
[]
连接数据库
SELECT * FROM `zxs_745298691@qq.com` order by date ASC ;
[{"id":"15","date":"101","ks":"1","js":"6","cs":"1","jg":"5","fs":"面","bz":""}]
连接数据库
SELECT * FROM `zxs_745298691@qq.com` order by date ASC ;
[{"id":"14","date":"11","ks":"1","js":"5","cs":"1","jg":"5","fs":"面","bz":""}]
连接数据库
SELECT * FROM `zxs_745298691@qq.com` order by date ASC ;
[{"id":"7","date":"3","ks":"1","js":"0","cs":"1","jg":"5","fs":"面对面","bz":"无"}]
连接数据库
SELECT * FROM `zxs_745298691@qq.com` order by date ASC ;
[{"id":"8","date":"4","ks":"3","js":"19","cs":"1","jg":"5","fs":"面对面","bz":"无"}]
