普通字符串
/Users/duanqifeng/Documents/scu/heguang/out/artifacts/heguang_war_exploded/upload/zxszl/吴薇莉.txt
{}
连接数据库
SELECT * FROM `zxs_wwl@q` order by date ASC ;
[]
连接数据库
SELECT * FROM `zxs_wwl@q` order by date ASC ;
[{"id":"3","date":"107","ks":"14","js":"17","cs":"3","jg":"5","fs":"面","bz":""}]
连接数据库
SELECT * FROM `zxs_wwl@q` order by date ASC ;
[]
连接数据库
SELECT * FROM `zxs_wwl@q` order by date ASC ;
[{"id":"3","date":"107","ks":"14","js":"17","cs":"3","jg":"5","fs":"面","bz":""}]
连接数据库
SELECT * FROM `zxs_wwl@q` order by date ASC ;
[]
连接数据库
SELECT * FROM `zxs_wwl@q` order by date ASC ;
[]
连接数据库
