普通字符串
/Users/duanqifeng/Documents/scu/heguang/out/artifacts/heguang_war_exploded/upload/zxszl/吴薇莉.txt
{}
连接数据库
SELECT * FROM `zxs_wwl@q` order by date ASC ;
[]
连接数据库
SELECT * FROM `zxs_wwl@q` order by date ASC ;
[{"id":"2","date":"102","ks":"15","js":"17","cs":"2","jg":"5","fs":"面","bz":"李四"},{"id":"5","date":"102","ks":"15","js":"17","cs":"1","jg":"5","fs":"面","bz":""}]
连接数据库
连接数据库
wwl@q
修改余额成功！
连接数据库
连接数据库
连接数据库
连接数据库
wwl@q
修改余额成功！
insert into zxdj values(0,'周2 ，15:00~17:00','吴薇莉 ，200元/50分钟',400,'成人咨询','其他','1','没有','没有','没有','1','1','其他','1','1','1','1','1','1','1','没有','1','1','1','745298691@qq.com','qifeng duan',1550044709817 )
咨询登记成功，id:745298691@qq.com
连接数据库
SELECT * FROM `alipay_all` WHERE email='745298691@qq.com' order by id desc
连接数据库
SELECT * FROM `alipay_all` WHERE email='745298691@qq.com' order by id desc
连接数据库
SELECT * FROM `alipay_all` WHERE email='745298691@qq.com' order by id desc
连接数据库
2
连接数据库
SELECT * FROM `alipay_all` WHERE email='wwl@q' order by id desc
连接数据库
SELECT * FROM `alipay_all` WHERE email='wwl@q' order by id desc
连接数据库
SELECT * FROM `alipay_all` WHERE email='wwl@q' order by id desc
连接数据库
SELECT * FROM `alipay_all` WHERE email='wwl@q' order by id desc
连接数据库
连接数据库
