普通字符串
/Users/duanqifeng/Documents/scu/heguang/out/artifacts/heguang_war_exploded/upload/zxszl/吴薇莉.txt
{}
连接数据库
2019-02
SELECT * FROM `alipay_all` WHERE email='wwl@q' order by id desc
连接数据库
2019-02
SELECT * FROM `alipay_all` WHERE email='wwl@q' order by id desc
连接数据库
连接数据库
连接数据库
2019-02
SELECT * FROM `alipay_all` WHERE email='745298691@qq.com' order by id desc
连接数据库
2019-02
SELECT * FROM `alipay_all` WHERE email='745298691@qq.com' order by id desc
连接数据库
2019-02
连接数据库
2019-02
连接数据库
2019-02
连接数据库
2019-02
连接数据库
2019-02
连接数据库
2019-02
连接数据库
2019-02
连接数据库
2019-02
连接数据库
2019-02
连接数据库
连接数据库
连接数据库
连接数据库
连接数据库
连接数据库
2
连接数据库
2019-02
SELECT * FROM `alipay_all` WHERE email='wwl@q' order by id desc
连接数据库
2019-02
SELECT * FROM `alipay_all` WHERE email='745298691@qq.com' order by id desc
连接数据库
连接数据库
连接数据库
连接数据库
连接数据库
连接数据库
2019-02
连接数据库
连接数据库
连接数据库
连接数据库
连接数据库
