普通字符串
/Users/duanqifeng/Documents/scu/heguang/out/artifacts/heguang_war_exploded/upload/zxszl/吴薇莉.txt
{}
连接数据库
SELECT * FROM `zxs_wwl@q` order by date ASC ;
[{"id":"4","date":"3","ks":"4","js":"5","cs":"1","jg":"5","fs":"面","bz":""}]
连接数据库
连接数据库
SELECT * FROM `alipay_all` WHERE email='wwl@q' order by id desc
连接数据库
SELECT * FROM `alipay_all` WHERE email='wwl@q' order by id desc
连接数据库
SELECT * FROM `alipay_all` WHERE email='wwl@q' order by id desc
连接数据库
SELECT * FROM `alipay_all` WHERE email='wwl@q' order by id desc
连接数据库
SELECT * FROM `alipay_all` WHERE email='wwl@q' order by id desc
连接数据库
SELECT * FROM `alipay_all` WHERE email='wwl@q' order by id desc
连接数据库
SELECT * FROM `alipay_all` WHERE email='wwl@q' order by id desc
连接数据库
SELECT * FROM `alipay_all` WHERE email='wwl@q' order by id desc
连接数据库
SELECT * FROM `alipay_all` WHERE email='wwl@q' order by id desc
连接数据库
SELECT * FROM `alipay_all` WHERE email='wwl@q' order by id desc
连接数据库
SELECT * FROM `alipay_all` WHERE email='wwl@q' order by id desc
连接数据库
SELECT * FROM `alipay_all` WHERE email='wwl@q' order by id desc
连接数据库
SELECT * FROM `alipay_all` WHERE email='wwl@q' order by id desc
连接数据库
SELECT * FROM `alipay_all` WHERE email='wwl@q' order by id desc
连接数据库
SELECT * FROM `alipay_all` WHERE email='wwl@q' order by id desc
连接数据库
SELECT * FROM `alipay_all` WHERE email='wwl@q' order by id desc
连接数据库
SELECT * FROM `alipay_all` WHERE email='wwl@q' order by id desc
连接数据库
SELECT * FROM `alipay_all` WHERE email='wwl@q' order by id desc
连接数据库
SELECT * FROM `alipay_all` WHERE email='wwl@q' order by id desc
连接数据库
2019-02
SELECT * FROM `alipay_all` WHERE email='wwl@q' order by id desc
连接数据库
